[14:30:58] Using gulpfile ~/zmarbles/marblesUI/gulpfile.js
[14:30:58] Starting 'start_marbles1'...

[International Marbles Trading Consortium] 1

[14:30:58] Finished 'start_marbles1' after 71 μs
[14:30:58] Starting 'build-sass'...
[14:30:58] Finished 'build-sass' after 12 ms
[14:30:58] Starting 'watch-sass'...
[14:30:58] Finished 'watch-sass' after 9.41 ms
[14:30:58] Starting 'watch-server'...
[14:30:58] Finished 'watch-server' after 4.05 ms
[14:30:58] Starting 'server'...
[32minfo[39m: Loaded config file /home/bcuser/zmarbles/marblesUI/config/marbles1.json
[32minfo[39m: Loaded creds file /home/bcuser/zmarbles/marblesUI/config/blockchain_creds1.json
[32minfo[39m: Returning a new winston logger with default configurations
[32minfo[39m: Loaded config file /home/bcuser/zmarbles/marblesUI/config/marbles1.json
[32minfo[39m: Loaded creds file /home/bcuser/zmarbles/marblesUI/config/blockchain_creds1.json
[34mdebug[39m: cache busting hash js 1508869859323 css 1508869859323
------------------------------------------ Server Up - localhost:3001 ------------------------------------------
------------------------------------------ Websocket Up ------------------------------------------
[33mwarn[39m: "last_startup_hash" not found in config json: /home/bcuser/zmarbles/marblesUI/config/marbles1.json

[34mdebug[39m: Detected that we have NOT launched successfully yet
[34mdebug[39m: Open your browser to http://localhost:3001 and login as "admin" to initiate startup


[34mdebug[39m: ------------------------------------------ incoming request ------------------------------------------
[34mdebug[39m: New GET request for /
[34mdebug[39m: ------------------------------------------ incoming request ------------------------------------------
[34mdebug[39m: New GET request for /home
[34mdebug[39m: ------------------------------------------ incoming request ------------------------------------------
[34mdebug[39m: New GET request for /login
Loaded config file /home/bcuser/zmarbles/marblesUI/config/marbles1.json
Loaded creds file /home/bcuser/zmarbles/marblesUI/config/blockchain_creds1.json
[34mdebug[39m: ------------------------------------------ incoming request ------------------------------------------
[34mdebug[39m: New POST request for /login
[34mdebug[39m: ------------------------------------------ incoming request ------------------------------------------
[34mdebug[39m: New GET request for /home
Loaded config file /home/bcuser/zmarbles/marblesUI/config/marbles1.json
Loaded creds file /home/bcuser/zmarbles/marblesUI/config/blockchain_creds1.json
 
-------------------------------- Incoming WS Msg --------------------------------
[34mdebug[39m: [ws] received ws msg: {"type":"setup","configure":"enrollment"}
[34mdebug[39m: [ws] setup message type=setup, configure=enrollment
[32minfo[39m: [fcw] Going to enroll for mspId  peer_urls=[grpcs://localhost:7051], channel_id=aida, uuid=marbles--aida-peer0.unitedmarbles.com, ca_url=https://localhost:7054, orderer_url=grpcs://localhost:7050, enroll_id=admin, enroll_secret=adminpw, msp_id=Org0MSP
[32minfo[39m: [Client.js]: Failed to load user "admin" from local key value store
[32minfo[39m: [FabricCAClientImpl.js]: Successfully constructed Fabric CA client from options - %j protocol=https, hostname=localhost, port=7054, trustedRoots=[-----BEGIN CERTIFICATE-----
MIICRzCCAe2gAwIBAgIQOd8jJTEbKLBX2oszu8HfjjAKBggqhkjOPQQDAjB1MQsw
CQYDVQQGEwJVUzETMBEGA1UECBMKQ2FsaWZvcm5pYTEWMBQGA1UEBxMNU2FuIEZy
YW5jaXNjbzEaMBgGA1UEChMRdW5pdGVkbWFyYmxlcy5jb20xHTAbBgNVBAMTFGNh
LnVuaXRlZG1hcmJsZXMuY29tMB4XDTE3MTAyNDE4MTk1N1oXDTI3MTAyMjE4MTk1
N1owdTELMAkGA1UEBhMCVVMxEzARBgNVBAgTCkNhbGlmb3JuaWExFjAUBgNVBAcT
DVNhbiBGcmFuY2lzY28xGjAYBgNVBAoTEXVuaXRlZG1hcmJsZXMuY29tMR0wGwYD
VQQDExRjYS51bml0ZWRtYXJibGVzLmNvbTBZMBMGByqGSM49AgEGCCqGSM49AwEH
A0IABA4BHPwEMFv8xsKa3lF5Gmnea3TQKxvNa/31PMZGnbCPQhCWeSwjqm/khFos
oj4lf2yh1QpkyYxYLULJ0kBpoy2jXzBdMA4GA1UdDwEB/wQEAwIBpjAPBgNVHSUE
CDAGBgRVHSUAMA8GA1UdEwEB/wQFMAMBAf8wKQYDVR0OBCIEILIVG+tkwDOZtoKe
sF8FUeU8UHhLJc9isC7UkAWNhm6dMAoGCCqGSM49BAMCA0gAMEUCIQCz6EwFvcs3
gV6kPZ9JyFm8FRgXhub65MrP2XpaILn84gIgAauZKVwd9vU1NBEoNgYQJbwIv5/U
5/+U6mOlKuWdcXQ=
-----END CERTIFICATE-----

], verify=false
[32minfo[39m: [FabricCAClientImpl.js]: Successfully constructed Fabric CA service client: endpoint - %j protocol=https, hostname=localhost, port=7054
[34mdebug[39m: id admin secret adminpw
[34mdebug[39m: msp_id Org0MSP
[32minfo[39m: [crypto_ecdsa_aes]: This class requires a CryptoKeyStore to save keys, using the store: {"opts":{"path":"/home/bcuser/.hfc-key-store"}}
[32minfo[39m: [fcw] Successfully enrolled user 'admin'
[32minfo[39m: [crypto_ecdsa_aes]: This class requires a CryptoKeyStore to save keys, using the store: {"opts":{"path":"/home/bcuser/.hfc-key-store"}}
[32minfo[39m: [Peer.js]: Peer.const - url: grpcs://localhost:7051 options  grpc.ssl_target_name_override=peer0.unitedmarbles.com, grpc.default_authority=peer0.unitedmarbles.com
[34mdebug[39m: added peer grpcs://localhost:7051
[32minfo[39m: [Peer.js]: Peer.const - url: grpcs://localhost:7051 options  grpc.ssl_target_name_override=peer0.unitedmarbles.com, grpc.default_authority=peer0.unitedmarbles.com
[34mdebug[39m: [fcw] Successfully got enrollment marbles--aida-peer0.unitedmarbles.com
[34mdebug[39m: Setup Marbles Lib...
[32minfo[39m: [fcw] Going to enroll for mspId  peer_urls=[grpcs://localhost:7051], channel_id=aida, uuid=marbles--aida-peer0.unitedmarbles.com, ca_url=https://localhost:7054, orderer_url=grpcs://localhost:7050, enroll_id=admin, enroll_secret=adminpw, msp_id=Org0MSP
[34mdebug[39m: Checking if chaincode is already deployed or not

[32minfo[39m: Checking for chaincode...
[34mdebug[39m: [fcw] Querying Chaincode: read()
[34mdebug[39m: [fcw] Sending query req chainId=aida, chaincodeId=marbles, chaincodeVersion=1.0, fcn=read, args=[selftest], txId=dd56b65978f864cfb81e2a24fa832c5b4e8a221f8ed276edd1d33c054688f463
[32minfo[39m: [crypto_ecdsa_aes]: This class requires a CryptoKeyStore to save keys, using the store: {"opts":{"path":"/home/bcuser/.hfc-key-store"}}
[32minfo[39m: [Client.js]: Successfully loaded user "admin" from local key value store
[32minfo[39m: [fcw] Successfully loaded member from persistence
[32minfo[39m: [Peer.js]: Peer.const - url: grpcs://localhost:7051 options  grpc.ssl_target_name_override=peer0.unitedmarbles.com, grpc.default_authority=peer0.unitedmarbles.com
[34mdebug[39m: added peer grpcs://localhost:7051
[32minfo[39m: [Peer.js]: Peer.const - url: grpcs://localhost:7051 options  grpc.ssl_target_name_override=peer0.unitedmarbles.com, grpc.default_authority=peer0.unitedmarbles.com
[34mdebug[39m: [fcw] Successfully got enrollment marbles--aida-peer0.unitedmarbles.com
[34mdebug[39m: [fcw] Peer 0 len 1
[34mdebug[39m: [fcw] Peer 0 type number
[34mdebug[39m: [fcw] Successful query transaction.

----------------------------- Chaincode Found on Channel aida -----------------------------


[32minfo[39m: Checking chaincode and ui compatibility...
[34mdebug[39m: [fcw] Querying Chaincode: read()
[34mdebug[39m: [fcw] Sending query req chainId=aida, chaincodeId=marbles, chaincodeVersion=1.0, fcn=read, args=[marbles_ui], txId=12e13528bbe754d32bd1da857ada52d0488c5bf6e4f21f3d69bb9d678732b96d
[34mdebug[39m: [fcw] Peer 0 len 5
[33mwarn[39m: [fcw] warning - query resp is not json, might be okay. string 3.5.0
[34mdebug[39m: [fcw] Successful query transaction.
[34mdebug[39m: [ws] broadcasting to clients.  1 app_state
[32minfo[39m: Creating marble owners and marbles
[34mdebug[39m: - creating marble owner:  amy

[32minfo[39m: Creating a marble owner...
[34mdebug[39m: [fcw] Invoking Chaincode: init_owner()
[34mdebug[39m: [fcw] Sending invoke req chainId=aida, chaincodeId=marbles, chaincodeVersion=1.0, fcn=init_owner, args=[o01508869912408VJpSM, amy, United Marbles], txId=386154608b237c8da02f388a25cafba62b9e717a39411b659bd57605df3b9db5, 0=97, 1=192, 2=2, 3=106, 4=49, 5=235, 6=217, 7=107, 8=37, 9=68, 10=75, 11=197, 12=132, 13=91, 14=194, 15=212, 16=130, 17=186, 18=182, 19=14, 20=54, 21=158, 22=227, 23=30
[34mdebug[39m: [fcw] will not use tx event
[34mdebug[39m: - creating marble owner:  alice

[32minfo[39m: Creating a marble owner...
[34mdebug[39m: [fcw] Invoking Chaincode: init_owner()
[34mdebug[39m: [fcw] Sending invoke req chainId=aida, chaincodeId=marbles, chaincodeVersion=1.0, fcn=init_owner, args=[o01508869912411kMw1d, alice, United Marbles], txId=ee626d43f636659cf50d52e78959b0e49d510e0fdb0f5b30dce4ff8c6577be46, 0=252, 1=76, 2=55, 3=80, 4=140, 5=32, 6=168, 7=1, 8=210, 9=245, 10=90, 11=88, 12=38, 13=135, 14=54, 15=88, 16=74, 17=30, 18=1, 19=216, 20=4, 21=236, 22=87, 23=40
[34mdebug[39m: [fcw] will not use tx event
[34mdebug[39m: - creating marble owner:  ava

[32minfo[39m: Creating a marble owner...
[34mdebug[39m: [fcw] Invoking Chaincode: init_owner()
[34mdebug[39m: [fcw] Sending invoke req chainId=aida, chaincodeId=marbles, chaincodeVersion=1.0, fcn=init_owner, args=[o01508869912413SCwp7, ava, United Marbles], txId=3ee3d00cb18bbf92e52534c07db547f1127f60749034e1ea050039d0212843c6, 0=31, 1=94, 2=129, 3=76, 4=183, 5=114, 6=113, 7=128, 8=187, 9=116, 10=211, 11=48, 12=108, 13=145, 14=36, 15=232, 16=253, 17=150, 18=79, 19=112, 20=8, 21=181, 22=211, 23=166
[34mdebug[39m: [fcw] will not use tx event
[34mdebug[39m: [fcw] Successfully obtained transaction endorsement
[34mdebug[39m: [fcw] Successfully ordered endorsement transaction.
[34mdebug[39m: [fcw] Successfully obtained transaction endorsement
[34mdebug[39m: [fcw] Successfully obtained transaction endorsement
[34mdebug[39m: [fcw] Successfully ordered endorsement transaction.
[34mdebug[39m: [fcw] Successfully ordered endorsement transaction.
[32minfo[39m: finished creating owners, now for marbles
[34mdebug[39m: prepared marbles obj 9 id=o01508869912408VJpSM, username=amy, $ref=$[0], $ref=$[0], id=o01508869912411kMw1d, username=alice, $ref=$[3], $ref=$[3], id=o01508869912413SCwp7, username=ava, $ref=$[6], $ref=$[6]

[34mdebug[39m: [startup] going to create marble: color=purple, size=16, owner_id=o01508869912408VJpSM, auth_company=United Marbles

[32minfo[39m: Creating a marble...
[34mdebug[39m: [fcw] Invoking Chaincode: init_marble()
[34mdebug[39m: [fcw] Sending invoke req chainId=aida, chaincodeId=marbles, chaincodeVersion=1.0, fcn=init_marble, args=[m01508869915484Jb6J1, purple, 16, o01508869912408VJpSM, United Marbles], txId=56a1d44cd3e6bcc91bf5e2be712e241eda219f4eeb002ea3c59bb6c55f63fb2b, 0=161, 1=225, 2=38, 3=193, 4=245, 5=177, 6=246, 7=228, 8=146, 9=132, 10=206, 11=49, 12=11, 13=87, 14=74, 15=79, 16=97, 17=159, 18=197, 19=246, 20=53, 21=97, 22=240, 23=244
[34mdebug[39m: [fcw] will not use tx event

[34mdebug[39m: [startup] going to create marble: color=purple, size=16, owner_id=o01508869912408VJpSM, auth_company=United Marbles

[32minfo[39m: Creating a marble...
[34mdebug[39m: [fcw] Invoking Chaincode: init_marble()
[34mdebug[39m: [fcw] Sending invoke req chainId=aida, chaincodeId=marbles, chaincodeVersion=1.0, fcn=init_marble, args=[m01508869915486Z5Zsd, purple, 16, o01508869912408VJpSM, United Marbles], txId=685fbeda87b4181dc505ed72e75f6e3d46459caaa6a028ff46d2de0469f1d5e2, 0=205, 1=178, 2=84, 3=23, 4=63, 5=131, 6=160, 7=98, 8=101, 9=196, 10=13, 11=253, 12=103, 13=18, 14=174, 15=205, 16=108, 17=112, 18=32, 19=70, 20=234, 21=219, 22=52, 23=52
[34mdebug[39m: [fcw] will not use tx event

[34mdebug[39m: [startup] going to create marble: color=purple, size=35, owner_id=o01508869912408VJpSM, auth_company=United Marbles

[32minfo[39m: Creating a marble...
[34mdebug[39m: [fcw] Invoking Chaincode: init_marble()
[34mdebug[39m: [fcw] Sending invoke req chainId=aida, chaincodeId=marbles, chaincodeVersion=1.0, fcn=init_marble, args=[m01508869915487JfYea, purple, 35, o01508869912408VJpSM, United Marbles], txId=7ec0aaec74872dcac629e842f4a73ce0f0d3ecf7b9a47db9c0b4e90b87ab5e58, 0=144, 1=103, 2=164, 3=108, 4=64, 5=102, 6=105, 7=155, 8=87, 9=178, 10=97, 11=130, 12=249, 13=213, 14=142, 15=196, 16=91, 17=213, 18=242, 19=21, 20=235, 21=153, 22=174, 23=96
[34mdebug[39m: [fcw] will not use tx event

[34mdebug[39m: [startup] going to create marble: color=purple, size=16, owner_id=o01508869912411kMw1d, auth_company=United Marbles

[32minfo[39m: Creating a marble...
[34mdebug[39m: [fcw] Invoking Chaincode: init_marble()
[34mdebug[39m: [fcw] Sending invoke req chainId=aida, chaincodeId=marbles, chaincodeVersion=1.0, fcn=init_marble, args=[m01508869915492EjyHS, purple, 16, o01508869912411kMw1d, United Marbles], txId=4ee46b6b81ac14a46cdbf45af1d66da243dd45f76da64ed23771e0697f7be937, 0=207, 1=223, 2=141, 3=24, 4=159, 5=147, 6=168, 7=73, 8=157, 9=230, 10=248, 11=85, 12=58, 13=254, 14=197, 15=46, 16=220, 17=57, 18=217, 19=170, 20=9, 21=226, 22=144, 23=147
[34mdebug[39m: [fcw] will not use tx event

[34mdebug[39m: [startup] going to create marble: color=purple, size=35, owner_id=o01508869912411kMw1d, auth_company=United Marbles

[32minfo[39m: Creating a marble...
[34mdebug[39m: [fcw] Invoking Chaincode: init_marble()
[34mdebug[39m: [fcw] Sending invoke req chainId=aida, chaincodeId=marbles, chaincodeVersion=1.0, fcn=init_marble, args=[m0150886991549850saZ, purple, 35, o01508869912411kMw1d, United Marbles], txId=b6343b04adbc8d4cd538b03a9d0c0beaa94b82edc900ca1ce095fa6716c90f5a, 0=156, 1=69, 2=183, 3=213, 4=125, 5=199, 6=126, 7=44, 8=90, 9=232, 10=133, 11=2, 12=237, 13=235, 14=215, 15=155, 16=246, 17=110, 18=190, 19=58, 20=183, 21=174, 22=180, 23=26
[34mdebug[39m: [fcw] will not use tx event

[34mdebug[39m: [startup] going to create marble: color=purple, size=16, owner_id=o01508869912411kMw1d, auth_company=United Marbles

[32minfo[39m: Creating a marble...
[34mdebug[39m: [fcw] Invoking Chaincode: init_marble()
[34mdebug[39m: [fcw] Sending invoke req chainId=aida, chaincodeId=marbles, chaincodeVersion=1.0, fcn=init_marble, args=[m01508869915500ewMzX, purple, 16, o01508869912411kMw1d, United Marbles], txId=5cfde663571030888ce004d2a2e834f09fdb9ad1decd7863cc6c6341682ffb3e, 0=229, 1=189, 2=100, 3=6, 4=78, 5=255, 6=48, 7=86, 8=162, 9=240, 10=37, 11=127, 12=85, 13=164, 14=91, 15=40, 16=126, 17=78, 18=108, 19=145, 20=17, 21=149, 22=228, 23=167
[34mdebug[39m: [fcw] will not use tx event

[34mdebug[39m: [startup] going to create marble: color=purple, size=35, owner_id=o01508869912413SCwp7, auth_company=United Marbles

[32minfo[39m: Creating a marble...
[34mdebug[39m: [fcw] Invoking Chaincode: init_marble()
[34mdebug[39m: [fcw] Sending invoke req chainId=aida, chaincodeId=marbles, chaincodeVersion=1.0, fcn=init_marble, args=[m01508869915500cacca, purple, 35, o01508869912413SCwp7, United Marbles], txId=cb795b9c53d0f2595133642bb34f5b4e69b8652e7a422b771db7b33834247a8d, 0=145, 1=36, 2=168, 3=97, 4=170, 5=235, 6=19, 7=192, 8=188, 9=93, 10=143, 11=20, 12=58, 13=173, 14=23, 15=184, 16=188, 17=199, 18=218, 19=234, 20=129, 21=56, 22=154, 23=39
[34mdebug[39m: [fcw] will not use tx event

[34mdebug[39m: [startup] going to create marble: color=purple, size=35, owner_id=o01508869912413SCwp7, auth_company=United Marbles

[32minfo[39m: Creating a marble...
[34mdebug[39m: [fcw] Invoking Chaincode: init_marble()
[34mdebug[39m: [fcw] Sending invoke req chainId=aida, chaincodeId=marbles, chaincodeVersion=1.0, fcn=init_marble, args=[m015088699155021DcrA, purple, 35, o01508869912413SCwp7, United Marbles], txId=430a19b64c90b11770e6a6856625eb4293d33b5780a9a8bc254f95809864edc0, 0=215, 1=28, 2=176, 3=204, 4=59, 5=133, 6=14, 7=177, 8=224, 9=214, 10=111, 11=131, 12=127, 13=118, 14=226, 15=23, 16=51, 17=114, 18=28, 19=12, 20=215, 21=41, 22=202, 23=123
[34mdebug[39m: [fcw] will not use tx event

[34mdebug[39m: [startup] going to create marble: color=purple, size=35, owner_id=o01508869912413SCwp7, auth_company=United Marbles

[32minfo[39m: Creating a marble...
[34mdebug[39m: [fcw] Invoking Chaincode: init_marble()
[34mdebug[39m: [fcw] Sending invoke req chainId=aida, chaincodeId=marbles, chaincodeVersion=1.0, fcn=init_marble, args=[m01508869915504ZSXTK, purple, 35, o01508869912413SCwp7, United Marbles], txId=a71c80b5dcc8ca64d6f735513869bf6454ff0cfaad89d467588f81326dee127b, 0=248, 1=237, 2=38, 3=1, 4=138, 5=10, 6=162, 7=231, 8=8, 9=77, 10=15, 11=246, 12=184, 13=43, 14=230, 15=81, 16=166, 17=153, 18=230, 19=152, 20=146, 21=107, 22=176, 23=65
[34mdebug[39m: [fcw] will not use tx event
[34mdebug[39m: [fcw] Successfully obtained transaction endorsement
[34mdebug[39m: [fcw] Successfully ordered endorsement transaction.
[34mdebug[39m: [fcw] Successfully obtained transaction endorsement
[34mdebug[39m: [fcw] Successfully ordered endorsement transaction.
[34mdebug[39m: [fcw] Successfully obtained transaction endorsement
[34mdebug[39m: [fcw] Successfully ordered endorsement transaction.
[34mdebug[39m: [fcw] Successfully obtained transaction endorsement
[34mdebug[39m: [fcw] Successfully obtained transaction endorsement
[34mdebug[39m: [fcw] Successfully obtained transaction endorsement
[34mdebug[39m: [fcw] Successfully obtained transaction endorsement
[34mdebug[39m: [fcw] Successfully obtained transaction endorsement
[34mdebug[39m: [fcw] Successfully ordered endorsement transaction.
[34mdebug[39m: [fcw] Successfully obtained transaction endorsement
[34mdebug[39m: [fcw] Successfully ordered endorsement transaction.
[34mdebug[39m: [fcw] Successfully ordered endorsement transaction.
[34mdebug[39m: [fcw] Successfully ordered endorsement transaction.
[34mdebug[39m: [fcw] Successfully ordered endorsement transaction.
[34mdebug[39m: [fcw] Successfully ordered endorsement transaction.
[34mdebug[39m: - finished creating asset

------------------------------------------ All Done ------------------------------------------

[34mdebug[39m: [ws] broadcasting to clients.  1 app_state
[34mdebug[39m: hash is 704b1d482b02d12d077df2b0be330d451e3401a2
[32minfo[39m: Fetching block height...
[34mdebug[39m: [fcw] Querying Channel Stats:
[32minfo[39m: [Chain.js]:  Primary peer was not set, using %s grpc.ssl_target_name_override=peer0.unitedmarbles.com, grpc.default_authority=peer0.unitedmarbles.com, grpc.primary_user_agent=grpc-node/1.2.4, _url=grpcs://localhost:7051, addr=localhost:7051, , , _name=null, _roles=[]
[32minfo[39m: New block detected! 10 low=10, high=0, unsigned=true, currentBlockHash=801220380000000350936061940067720002504100033590020664395000000981147000033830000541600286169000, previousBlockHash=801220380000000350936061940067720002504100033590020664395000000981147000033830000541600286169000
[34mdebug[39m: [checking] there are new things, sending to all clients
[34mdebug[39m: [ws] broadcasting to clients.  1 block

[32minfo[39m: Fetching EVERYTHING...
[34mdebug[39m: [fcw] Querying Chaincode: read_everything()
[34mdebug[39m: [fcw] Sending query req chainId=aida, chaincodeId=marbles, chaincodeVersion=1.0, fcn=read_everything, args=[], txId=c0aaf5570a5e9d8cf28d3e76e79824c54922376206d4450d0a3a1dcfdc5b5ba5
[34mdebug[39m: [fcw] Peer 0 len 2226
[34mdebug[39m: [fcw] Peer 0 type object
[34mdebug[39m: [fcw] Successful query transaction.

[34mdebug[39m: [checking] number of owners: 5
[34mdebug[39m: [checking] number of marbles: 11
[34mdebug[39m: [checking] there are new things, sending to all clients
[34mdebug[39m: [ws] broadcasting to clients.  1 everything
 
-------------------------------- Incoming WS Msg --------------------------------
[34mdebug[39m: [ws] received ws msg: {"type":"read_everything","v":1}
[32minfo[39m: [ws] read everything req
[32minfo[39m: Fetching block height...
[34mdebug[39m: [fcw] Querying Channel Stats:
[32minfo[39m: [Chain.js]:  Primary peer was not set, using %s grpc.ssl_target_name_override=peer0.unitedmarbles.com, grpc.default_authority=peer0.unitedmarbles.com, grpc.primary_user_agent=grpc-node/1.2.4, _url=grpcs://localhost:7051, addr=localhost:7051, , , _name=null, _roles=[]
[34mdebug[39m: [checking] on demand req, sending to a client

[32minfo[39m: Fetching EVERYTHING...
[34mdebug[39m: [fcw] Querying Chaincode: read_everything()
[34mdebug[39m: [fcw] Sending query req chainId=aida, chaincodeId=marbles, chaincodeVersion=1.0, fcn=read_everything, args=[], txId=7145a55621eabb1eddd1797c5ad82bb0cd50cfd2bba75760e1910f9e30c4d73e
[34mdebug[39m: [fcw] Peer 0 len 2226
[34mdebug[39m: [fcw] Peer 0 type object
[34mdebug[39m: [fcw] Successful query transaction.

[34mdebug[39m: [checking] number of owners: 5
[34mdebug[39m: [checking] number of marbles: 11
[34mdebug[39m: [checking] same everything as last time
[34mdebug[39m: [checking] sending to 1 client
[32minfo[39m: Fetching block height...
[34mdebug[39m: [fcw] Querying Channel Stats:
[32minfo[39m: [Chain.js]:  Primary peer was not set, using %s grpc.ssl_target_name_override=peer0.unitedmarbles.com, grpc.default_authority=peer0.unitedmarbles.com, grpc.primary_user_agent=grpc-node/1.2.4, _url=grpcs://localhost:7051, addr=localhost:7051, , , _name=null, _roles=[]
[32minfo[39m: Fetching block height...
[34mdebug[39m: [fcw] Querying Channel Stats:
[32minfo[39m: [Chain.js]:  Primary peer was not set, using %s grpc.ssl_target_name_override=peer0.unitedmarbles.com, grpc.default_authority=peer0.unitedmarbles.com, grpc.primary_user_agent=grpc-node/1.2.4, _url=grpcs://localhost:7051, addr=localhost:7051, , , _name=null, _roles=[]
[32minfo[39m: Fetching block height...
[34mdebug[39m: [fcw] Querying Channel Stats:
[32minfo[39m: [Chain.js]:  Primary peer was not set, using %s grpc.ssl_target_name_override=peer0.unitedmarbles.com, grpc.default_authority=peer0.unitedmarbles.com, grpc.primary_user_agent=grpc-node/1.2.4, _url=grpcs://localhost:7051, addr=localhost:7051, , , _name=null, _roles=[]
[32minfo[39m: New block detected! 11 low=11, high=0, unsigned=true, currentBlockHash=801220009043007177012707539043763207400000006108200020380000000350936061940067720002504100033590, previousBlockHash=801220009043007177012707539043763207400000006108200020380000000350936061940067720002504100033590
[34mdebug[39m: [checking] there are new things, sending to all clients
[34mdebug[39m: [ws] broadcasting to clients.  1 block

[32minfo[39m: Fetching EVERYTHING...
[34mdebug[39m: [fcw] Querying Chaincode: read_everything()
[34mdebug[39m: [fcw] Sending query req chainId=aida, chaincodeId=marbles, chaincodeVersion=1.0, fcn=read_everything, args=[], txId=2d7780efd3439c8283666de676a013923ddcb579109878b4b215cb4aff41d763
[34mdebug[39m: [fcw] Peer 0 len 2519
[34mdebug[39m: [fcw] Peer 0 type object
[34mdebug[39m: [fcw] Successful query transaction.

[34mdebug[39m: [checking] number of owners: 8
[34mdebug[39m: [checking] number of marbles: 11
[34mdebug[39m: [checking] there are new things, sending to all clients
[34mdebug[39m: [ws] broadcasting to clients.  1 everything
[32minfo[39m: Fetching block height...
[34mdebug[39m: [fcw] Querying Channel Stats:
[32minfo[39m: [Chain.js]:  Primary peer was not set, using %s grpc.ssl_target_name_override=peer0.unitedmarbles.com, grpc.default_authority=peer0.unitedmarbles.com, grpc.primary_user_agent=grpc-node/1.2.4, _url=grpcs://localhost:7051, addr=localhost:7051, , , _name=null, _roles=[]
[32minfo[39m: New block detected! 12 low=12, high=0, unsigned=true, currentBlockHash=801220100076000590257318207910032074086510076600012860020009043007177012707539043763207400000006108200, previousBlockHash=801220100076000590257318207910032074086510076600012860020009043007177012707539043763207400000006108200
[34mdebug[39m: [checking] there are new things, sending to all clients
[34mdebug[39m: [ws] broadcasting to clients.  1 block

[32minfo[39m: Fetching EVERYTHING...
[34mdebug[39m: [fcw] Querying Chaincode: read_everything()
[34mdebug[39m: [fcw] Sending query req chainId=aida, chaincodeId=marbles, chaincodeVersion=1.0, fcn=read_everything, args=[], txId=772927d47b74d0514fa36d7e94f7962a69953d084b087898d54946e7e923992e
[34mdebug[39m: [fcw] Peer 0 len 3902
[34mdebug[39m: [fcw] Peer 0 type object
[34mdebug[39m: [fcw] Successful query transaction.

[34mdebug[39m: [checking] number of owners: 8
[34mdebug[39m: [checking] number of marbles: 20
[34mdebug[39m: [checking] there are new things, sending to all clients
[34mdebug[39m: [ws] broadcasting to clients.  1 everything
[32minfo[39m: Fetching block height...
[34mdebug[39m: [fcw] Querying Channel Stats:
[32minfo[39m: [Chain.js]:  Primary peer was not set, using %s grpc.ssl_target_name_override=peer0.unitedmarbles.com, grpc.default_authority=peer0.unitedmarbles.com, grpc.primary_user_agent=grpc-node/1.2.4, _url=grpcs://localhost:7051, addr=localhost:7051, , , _name=null, _roles=[]
[34mdebug[39m: [ws] closed
[32minfo[39m: Fetching block height...
[34mdebug[39m: [fcw] Querying Channel Stats:
[32minfo[39m: [Chain.js]:  Primary peer was not set, using %s grpc.ssl_target_name_override=peer0.unitedmarbles.com, grpc.default_authority=peer0.unitedmarbles.com, grpc.primary_user_agent=grpc-node/1.2.4, _url=grpcs://localhost:7051, addr=localhost:7051, , , _name=null, _roles=[]
[32minfo[39m: Fetching block height...
[34mdebug[39m: [fcw] Querying Channel Stats:
[32minfo[39m: [Chain.js]:  Primary peer was not set, using %s grpc.ssl_target_name_override=peer0.unitedmarbles.com, grpc.default_authority=peer0.unitedmarbles.com, grpc.primary_user_agent=grpc-node/1.2.4, _url=grpcs://localhost:7051, addr=localhost:7051, , , _name=null, _roles=[]
[32minfo[39m: Fetching block height...
[34mdebug[39m: [fcw] Querying Channel Stats:
[32minfo[39m: [Chain.js]:  Primary peer was not set, using %s grpc.ssl_target_name_override=peer0.unitedmarbles.com, grpc.default_authority=peer0.unitedmarbles.com, grpc.primary_user_agent=grpc-node/1.2.4, _url=grpcs://localhost:7051, addr=localhost:7051, , , _name=null, _roles=[]
[32minfo[39m: Fetching block height...
[34mdebug[39m: [fcw] Querying Channel Stats:
[32minfo[39m: [Chain.js]:  Primary peer was not set, using %s grpc.ssl_target_name_override=peer0.unitedmarbles.com, grpc.default_authority=peer0.unitedmarbles.com, grpc.primary_user_agent=grpc-node/1.2.4, _url=grpcs://localhost:7051, addr=localhost:7051, , , _name=null, _roles=[]
[32minfo[39m: Fetching block height...
[34mdebug[39m: [fcw] Querying Channel Stats:
[32minfo[39m: [Chain.js]:  Primary peer was not set, using %s grpc.ssl_target_name_override=peer0.unitedmarbles.com, grpc.default_authority=peer0.unitedmarbles.com, grpc.primary_user_agent=grpc-node/1.2.4, _url=grpcs://localhost:7051, addr=localhost:7051, , , _name=null, _roles=[]
[31merror[39m: [Peer.js]: GRPC client got an error response from the peer "grpcs://localhost:7051". Error: Connect Failed
    at /home/bcuser/zmarbles/marblesUI/node_modules/grpc/src/node/src/client.js:434:17
[31merror[39m: [Chain.js]: Chain-sendPeersProposal - Promise is rejected: Error: Connect Failed
    at /home/bcuser/zmarbles/marblesUI/node_modules/grpc/src/node/src/client.js:434:17
[31merror[39m: [Chain.js]: Failed Query chain info. Error: Error: Connect Failed
    at /home/bcuser/zmarbles/marblesUI/node_modules/grpc/src/node/src/client.js:434:17
[31merror[39m: [fcw] Error in query block object Error: Connect Failed
    at /home/bcuser/zmarbles/marblesUI/node_modules/grpc/src/node/src/client.js:434:17
[31merror[39m: [fcw] could not format error
